[18-Feb-2013 09:47:05 GMT] PHP Parse error:  syntax error, unexpected '}', expecting T_STRING in /Users/martinkulich/Sites/chamic/beachliga/system/modules/beach/models/LeagueModel.php on line 101
[18-Feb-2013 10:00:12 GMT] PHP Fatal error:  Cannot redeclare class Contao\ModuleRanking in /Users/martinkulich/Sites/chamic/beachliga/system/modules/beach/modules/ModuleRankingPreview.php on line 46
[18-Feb-2013 10:00:33 GMT] PHP Fatal error:  Cannot redeclare class Contao\ModuleRanking in /Users/martinkulich/Sites/chamic/beachliga/system/modules/beach/modules/ModuleRankingPreview.php on line 46
[18-Feb-2013 10:00:46 GMT] PHP Fatal error:  Cannot redeclare class Contao\ModuleRanking in /Users/martinkulich/Sites/chamic/beachliga/system/modules/beach/modules/ModuleRankingPreview.php on line 46
[18-Feb-2013 10:01:14 GMT] PHP Fatal error:  Cannot redeclare class Contao\LeagueModel in /Users/martinkulich/Sites/chamic/beachliga/system/modules/beach/models/LeagueModel.php on line 119
[18-Feb-2013 10:01:28 GMT] 
PHP Recoverable error: Argument 1 passed to Contao\Model::__construct() must be an instance of Contao\Database\Result, instance of Contao\LeagueModel given, called in /Users/martinkulich/Sites/chamic/beachliga/system/modules/beach/models/LeagueModel.php on line 36 and defined in /Users/martinkulich/Sites/chamic/beachliga/system/modules/core/library/Contao/Model.php on line 82
#0 /Users/martinkulich/Sites/chamic/beachliga/system/modules/core/library/Contao/Model.php(82): __error(4096, 'Argument 1 pass...', '/Users/martinku...', 82, Array)
#1 /Users/martinkulich/Sites/chamic/beachliga/system/modules/beach/models/LeagueModel.php(36): Contao\Model->__construct(Object(Contao\LeagueModel))
#2 /Users/martinkulich/Sites/chamic/beachliga/system/modules/beach/modules/ModuleRankingPreview.php(43): Contao\LeagueModel::findAll()
#3 /Users/martinkulich/Sites/chamic/beachliga/system/modules/core/modules/Module.php(148): Contao\ModuleRankingPreview->compile()
#4 /Users/martinkulich/Sites/chamic/beachliga/system/modules/beach/modules/ModuleRankingPreview.php(35): Contao\Module->generate()
#5 /Users/martinkulich/Sites/chamic/beachliga/system/modules/core/elements/ContentModule.php(63): Contao\ModuleRankingPreview->generate()
#6 /Users/martinkulich/Sites/chamic/beachliga/system/modules/core/library/Contao/Controller.php(446): Contao\ContentModule->generate()
#7 /Users/martinkulich/Sites/chamic/beachliga/system/modules/core/modules/ModuleArticle.php(179): Contao\Controller->getContentElement(Object(Contao\Model\Collection))
#8 /Users/martinkulich/Sites/chamic/beachliga/system/modules/core/modules/Module.php(148): Contao\ModuleArticle->compile()
#9 /Users/martinkulich/Sites/chamic/beachliga/system/modules/core/modules/ModuleArticle.php(59): Contao\Module->generate()
#10 /Users/martinkulich/Sites/chamic/beachliga/system/modules/core/library/Contao/Controller.php(374): Contao\ModuleArticle->generate(false)
#11 /Users/martinkulich/Sites/chamic/beachliga/system/modules/core/library/Contao/Controller.php(227): Contao\Controller->getArticle(Object(Contao\Model\Collection), false, false, 'right')
#12 /Users/martinkulich/Sites/chamic/beachliga/system/modules/core/pages/PageRegular.php(109): Contao\Controller->getFrontendModule('0', 'right')
#13 /Users/martinkulich/Sites/chamic/beachliga/index.php(250): Contao\PageRegular->generate(Object(Contao\PageModel))
#14 /Users/martinkulich/Sites/chamic/beachliga/index.php(411): Index->run()
#15 {main}

[18-Feb-2013 10:01:28 GMT] 
PHP Recoverable error: Argument 1 passed to Contao\Model::__construct() must be an instance of Contao\Database\Result, instance of Contao\LeagueModel given, called in /Users/martinkulich/Sites/chamic/beachliga/system/modules/beach/models/LeagueModel.php on line 36 and defined in /Users/martinkulich/Sites/chamic/beachliga/system/modules/core/library/Contao/Model.php on line 82
#0 /Users/martinkulich/Sites/chamic/beachliga/system/modules/core/library/Contao/Model.php(82): __error(4096, 'Argument 1 pass...', '/Users/martinku...', 82, Array)
#1 /Users/martinkulich/Sites/chamic/beachliga/system/modules/beach/models/LeagueModel.php(36): Contao\Model->__construct(Object(Contao\LeagueModel))
#2 /Users/martinkulich/Sites/chamic/beachliga/system/modules/beach/modules/ModuleRankingPreview.php(43): Contao\LeagueModel::findAll()
#3 /Users/martinkulich/Sites/chamic/beachliga/system/modules/core/modules/Module.php(148): Contao\ModuleRankingPreview->compile()
#4 /Users/martinkulich/Sites/chamic/beachliga/system/modules/beach/modules/ModuleRankingPreview.php(35): Contao\Module->generate()
#5 /Users/martinkulich/Sites/chamic/beachliga/system/modules/core/elements/ContentModule.php(63): Contao\ModuleRankingPreview->generate()
#6 /Users/martinkulich/Sites/chamic/beachliga/system/modules/core/library/Contao/Controller.php(446): Contao\ContentModule->generate()
#7 /Users/martinkulich/Sites/chamic/beachliga/system/modules/core/modules/ModuleArticle.php(179): Contao\Controller->getContentElement(Object(Contao\Model\Collection))
#8 /Users/martinkulich/Sites/chamic/beachliga/system/modules/core/modules/Module.php(148): Contao\ModuleArticle->compile()
#9 /Users/martinkulich/Sites/chamic/beachliga/system/modules/core/modules/ModuleArticle.php(59): Contao\Module->generate()
#10 /Users/martinkulich/Sites/chamic/beachliga/system/modules/core/library/Contao/Controller.php(374): Contao\ModuleArticle->generate(false)
#11 /Users/martinkulich/Sites/chamic/beachliga/system/modules/core/library/Contao/Controller.php(227): Contao\Controller->getArticle(Object(Contao\Model\Collection), false, false, 'right')
#12 /Users/martinkulich/Sites/chamic/beachliga/system/modules/core/pages/PageRegular.php(109): Contao\Controller->getFrontendModule('0', 'right')
#13 /Users/martinkulich/Sites/chamic/beachliga/index.php(250): Contao\PageRegular->generate(Object(Contao\PageModel))
#14 /Users/martinkulich/Sites/chamic/beachliga/index.php(411): Index->run()
#15 {main}

[18-Feb-2013 10:01:28 GMT] 
PHP Warning: include(/Users/martinkulich/Sites/chamic/beachliga/system/modules/beach/templates/module_ranking_preview.html5) [<a href='function.include'>function.include</a>]: failed to open stream: No such file or directory in /Users/martinkulich/Sites/chamic/beachliga/system/modules/core/library/Contao/Template.php on line 255
#0 /Users/martinkulich/Sites/chamic/beachliga/system/modules/core/library/Contao/Template.php(255): __error(2, 'include(/Users/...', '/Users/martinku...', 255, Array)
#1 /Users/martinkulich/Sites/chamic/beachliga/system/modules/core/library/Contao/Template.php(255): Contao\Template::parse()
#2 /Users/martinkulich/Sites/chamic/beachliga/system/modules/core/classes/FrontendTemplate.php(37): Contao\Template->parse()
#3 /Users/martinkulich/Sites/chamic/beachliga/system/modules/core/modules/Module.php(165): Contao\FrontendTemplate->parse()
#4 /Users/martinkulich/Sites/chamic/beachliga/system/modules/beach/modules/ModuleRankingPreview.php(35): Contao\Module->generate()
#5 /Users/martinkulich/Sites/chamic/beachliga/system/modules/core/elements/ContentModule.php(63): Contao\ModuleRankingPreview->generate()
#6 /Users/martinkulich/Sites/chamic/beachliga/system/modules/core/library/Contao/Controller.php(446): Contao\ContentModule->generate()
#7 /Users/martinkulich/Sites/chamic/beachliga/system/modules/core/modules/ModuleArticle.php(179): Contao\Controller->getContentElement(Object(Contao\Model\Collection))
#8 /Users/martinkulich/Sites/chamic/beachliga/system/modules/core/modules/Module.php(148): Contao\ModuleArticle->compile()
#9 /Users/martinkulich/Sites/chamic/beachliga/system/modules/core/modules/ModuleArticle.php(59): Contao\Module->generate()
#10 /Users/martinkulich/Sites/chamic/beachliga/system/modules/core/library/Contao/Controller.php(374): Contao\ModuleArticle->generate(false)
#11 /Users/martinkulich/Sites/chamic/beachliga/system/modules/core/library/Contao/Controller.php(227): Contao\Controller->getArticle(Object(Contao\Model\Collection), false, false, 'right')
#12 /Users/martinkulich/Sites/chamic/beachliga/system/modules/core/pages/PageRegular.php(109): Contao\Controller->getFrontendModule('0', 'right')
#13 /Users/martinkulich/Sites/chamic/beachliga/index.php(250): Contao\PageRegular->generate(Object(Contao\PageModel))
#14 /Users/martinkulich/Sites/chamic/beachliga/index.php(411): Index->run()
#15 {main}

[18-Feb-2013 10:01:28 GMT] 
PHP Warning: include() [<a href='function.include'>function.include</a>]: Failed opening '/Users/martinkulich/Sites/chamic/beachliga/system/modules/beach/templates/module_ranking_preview.html5' for inclusion (include_path='.:/php/includes:/opt/pear/share/pear') in /Users/martinkulich/Sites/chamic/beachliga/system/modules/core/library/Contao/Template.php on line 255
#0 /Users/martinkulich/Sites/chamic/beachliga/system/modules/core/library/Contao/Template.php(255): __error(2, 'include() [<a h...', '/Users/martinku...', 255, Array)
#1 /Users/martinkulich/Sites/chamic/beachliga/system/modules/core/library/Contao/Template.php(255): Contao\Template::parse()
#2 /Users/martinkulich/Sites/chamic/beachliga/system/modules/core/classes/FrontendTemplate.php(37): Contao\Template->parse()
#3 /Users/martinkulich/Sites/chamic/beachliga/system/modules/core/modules/Module.php(165): Contao\FrontendTemplate->parse()
#4 /Users/martinkulich/Sites/chamic/beachliga/system/modules/beach/modules/ModuleRankingPreview.php(35): Contao\Module->generate()
#5 /Users/martinkulich/Sites/chamic/beachliga/system/modules/core/elements/ContentModule.php(63): Contao\ModuleRankingPreview->generate()
#6 /Users/martinkulich/Sites/chamic/beachliga/system/modules/core/library/Contao/Controller.php(446): Contao\ContentModule->generate()
#7 /Users/martinkulich/Sites/chamic/beachliga/system/modules/core/modules/ModuleArticle.php(179): Contao\Controller->getContentElement(Object(Contao\Model\Collection))
#8 /Users/martinkulich/Sites/chamic/beachliga/system/modules/core/modules/Module.php(148): Contao\ModuleArticle->compile()
#9 /Users/martinkulich/Sites/chamic/beachliga/system/modules/core/modules/ModuleArticle.php(59): Contao\Module->generate()
#10 /Users/martinkulich/Sites/chamic/beachliga/system/modules/core/library/Contao/Controller.php(374): Contao\ModuleArticle->generate(false)
#11 /Users/martinkulich/Sites/chamic/beachliga/system/modules/core/library/Contao/Controller.php(227): Contao\Controller->getArticle(Object(Contao\Model\Collection), false, false, 'right')
#12 /Users/martinkulich/Sites/chamic/beachliga/system/modules/core/pages/PageRegular.php(109): Contao\Controller->getFrontendModule('0', 'right')
#13 /Users/martinkulich/Sites/chamic/beachliga/index.php(250): Contao\PageRegular->generate(Object(Contao\PageModel))
#14 /Users/martinkulich/Sites/chamic/beachliga/index.php(411): Index->run()
#15 {main}

[18-Feb-2013 10:01:29 GMT] 
PHP Warning: Cannot modify header information - headers already sent by (output started at /Users/martinkulich/Sites/chamic/beachliga/system/helper/functions.php:69) in /Users/martinkulich/Sites/chamic/beachliga/system/modules/core/library/Contao/Template.php on line 277
#0 [internal function]: __error(2, 'Cannot modify h...', '/Users/martinku...', 277, Array)
#1 /Users/martinkulich/Sites/chamic/beachliga/system/modules/core/library/Contao/Template.php(277): header('Vary: User-Agen...', false)
#2 /Users/martinkulich/Sites/chamic/beachliga/system/modules/core/classes/FrontendTemplate.php(221): Contao\Template->output()
#3 /Users/martinkulich/Sites/chamic/beachliga/system/modules/core/pages/PageRegular.php(163): Contao\FrontendTemplate->output()
#4 /Users/martinkulich/Sites/chamic/beachliga/index.php(250): Contao\PageRegular->generate(Object(Contao\PageModel))
#5 /Users/martinkulich/Sites/chamic/beachliga/index.php(411): Index->run()
#6 {main}

[18-Feb-2013 10:01:29 GMT] 
PHP Warning: Cannot modify header information - headers already sent by (output started at /Users/martinkulich/Sites/chamic/beachliga/system/helper/functions.php:69) in /Users/martinkulich/Sites/chamic/beachliga/system/modules/core/library/Contao/Template.php on line 278
#0 [internal function]: __error(2, 'Cannot modify h...', '/Users/martinku...', 278, Array)
#1 /Users/martinkulich/Sites/chamic/beachliga/system/modules/core/library/Contao/Template.php(278): header('Content-Type: t...')
#2 /Users/martinkulich/Sites/chamic/beachliga/system/modules/core/classes/FrontendTemplate.php(221): Contao\Template->output()
#3 /Users/martinkulich/Sites/chamic/beachliga/system/modules/core/pages/PageRegular.php(163): Contao\FrontendTemplate->output()
#4 /Users/martinkulich/Sites/chamic/beachliga/index.php(250): Contao\PageRegular->generate(Object(Contao\PageModel))
#5 /Users/martinkulich/Sites/chamic/beachliga/index.php(411): Index->run()
#6 {main}

[18-Feb-2013 10:03:00 GMT] 
PHP Warning: include(/Users/martinkulich/Sites/chamic/beachliga/system/modules/beach/templates/module_ranking_preview.html5) [<a href='function.include'>function.include</a>]: failed to open stream: No such file or directory in /Users/martinkulich/Sites/chamic/beachliga/system/modules/core/library/Contao/Template.php on line 255
#0 /Users/martinkulich/Sites/chamic/beachliga/system/modules/core/library/Contao/Template.php(255): __error(2, 'include(/Users/...', '/Users/martinku...', 255, Array)
#1 /Users/martinkulich/Sites/chamic/beachliga/system/modules/core/library/Contao/Template.php(255): Contao\Template::parse()
#2 /Users/martinkulich/Sites/chamic/beachliga/system/modules/core/classes/FrontendTemplate.php(37): Contao\Template->parse()
#3 /Users/martinkulich/Sites/chamic/beachliga/system/modules/core/modules/Module.php(165): Contao\FrontendTemplate->parse()
#4 /Users/martinkulich/Sites/chamic/beachliga/system/modules/beach/modules/ModuleRankingPreview.php(35): Contao\Module->generate()
#5 /Users/martinkulich/Sites/chamic/beachliga/system/modules/core/elements/ContentModule.php(63): Contao\ModuleRankingPreview->generate()
#6 /Users/martinkulich/Sites/chamic/beachliga/system/modules/core/library/Contao/Controller.php(446): Contao\ContentModule->generate()
#7 /Users/martinkulich/Sites/chamic/beachliga/system/modules/core/modules/ModuleArticle.php(179): Contao\Controller->getContentElement(Object(Contao\Model\Collection))
#8 /Users/martinkulich/Sites/chamic/beachliga/system/modules/core/modules/Module.php(148): Contao\ModuleArticle->compile()
#9 /Users/martinkulich/Sites/chamic/beachliga/system/modules/core/modules/ModuleArticle.php(59): Contao\Module->generate()
#10 /Users/martinkulich/Sites/chamic/beachliga/system/modules/core/library/Contao/Controller.php(374): Contao\ModuleArticle->generate(false)
#11 /Users/martinkulich/Sites/chamic/beachliga/system/modules/core/library/Contao/Controller.php(227): Contao\Controller->getArticle(Object(Contao\Model\Collection), false, false, 'right')
#12 /Users/martinkulich/Sites/chamic/beachliga/system/modules/core/pages/PageRegular.php(109): Contao\Controller->getFrontendModule('0', 'right')
#13 /Users/martinkulich/Sites/chamic/beachliga/index.php(250): Contao\PageRegular->generate(Object(Contao\PageModel))
#14 /Users/martinkulich/Sites/chamic/beachliga/index.php(411): Index->run()
#15 {main}

[18-Feb-2013 10:03:00 GMT] 
PHP Warning: include() [<a href='function.include'>function.include</a>]: Failed opening '/Users/martinkulich/Sites/chamic/beachliga/system/modules/beach/templates/module_ranking_preview.html5' for inclusion (include_path='.:/php/includes:/opt/pear/share/pear') in /Users/martinkulich/Sites/chamic/beachliga/system/modules/core/library/Contao/Template.php on line 255
#0 /Users/martinkulich/Sites/chamic/beachliga/system/modules/core/library/Contao/Template.php(255): __error(2, 'include() [<a h...', '/Users/martinku...', 255, Array)
#1 /Users/martinkulich/Sites/chamic/beachliga/system/modules/core/library/Contao/Template.php(255): Contao\Template::parse()
#2 /Users/martinkulich/Sites/chamic/beachliga/system/modules/core/classes/FrontendTemplate.php(37): Contao\Template->parse()
#3 /Users/martinkulich/Sites/chamic/beachliga/system/modules/core/modules/Module.php(165): Contao\FrontendTemplate->parse()
#4 /Users/martinkulich/Sites/chamic/beachliga/system/modules/beach/modules/ModuleRankingPreview.php(35): Contao\Module->generate()
#5 /Users/martinkulich/Sites/chamic/beachliga/system/modules/core/elements/ContentModule.php(63): Contao\ModuleRankingPreview->generate()
#6 /Users/martinkulich/Sites/chamic/beachliga/system/modules/core/library/Contao/Controller.php(446): Contao\ContentModule->generate()
#7 /Users/martinkulich/Sites/chamic/beachliga/system/modules/core/modules/ModuleArticle.php(179): Contao\Controller->getContentElement(Object(Contao\Model\Collection))
#8 /Users/martinkulich/Sites/chamic/beachliga/system/modules/core/modules/Module.php(148): Contao\ModuleArticle->compile()
#9 /Users/martinkulich/Sites/chamic/beachliga/system/modules/core/modules/ModuleArticle.php(59): Contao\Module->generate()
#10 /Users/martinkulich/Sites/chamic/beachliga/system/modules/core/library/Contao/Controller.php(374): Contao\ModuleArticle->generate(false)
#11 /Users/martinkulich/Sites/chamic/beachliga/system/modules/core/library/Contao/Controller.php(227): Contao\Controller->getArticle(Object(Contao\Model\Collection), false, false, 'right')
#12 /Users/martinkulich/Sites/chamic/beachliga/system/modules/core/pages/PageRegular.php(109): Contao\Controller->getFrontendModule('0', 'right')
#13 /Users/martinkulich/Sites/chamic/beachliga/index.php(250): Contao\PageRegular->generate(Object(Contao\PageModel))
#14 /Users/martinkulich/Sites/chamic/beachliga/index.php(411): Index->run()
#15 {main}

[18-Feb-2013 10:03:25 GMT] PHP Fatal error:  Call to undefined method Contao\Database\Mysql\Statement::setLimit() in /Users/martinkulich/Sites/chamic/beachliga/system/modules/beach/models/LeagueModel.php on line 61
[18-Feb-2013 10:04:05 GMT] PHP Fatal error: Uncaught exception 'Exception' with message 'Query error: You have an error in your SQL syntax; check the manual that corresponds to your MySQL server version for the right syntax to use near '3' at line 10 (select
              p.firstname,
              p.lastname,
              sum(t.rank)
            from player p
            join team t on t.player = p.id or t.coplayer = p.id
            where league = 3
            group by p.id
            ORDER BY sum(t.rank)
            3)' thrown in /Users/martinkulich/Sites/chamic/beachliga/system/modules/core/library/Contao/Database/Statement.php on line 317
[18-Feb-2013 10:04:20 GMT] PHP Fatal error: Uncaught exception 'Exception' with message 'Query error: You have an error in your SQL syntax; check the manual that corresponds to your MySQL server version for the right syntax to use near '3' at line 10 (select
              p.firstname,
              p.lastname,
              sum(t.rank)
            from player p
            join team t on t.player = p.id or t.coplayer = p.id
            where t.league = 3
            group by p.id
            ORDER BY sum(t.rank)
            3)' thrown in /Users/martinkulich/Sites/chamic/beachliga/system/modules/core/library/Contao/Database/Statement.php on line 317
[18-Feb-2013 10:04:22 GMT] PHP Fatal error: Uncaught exception 'Exception' with message 'Query error: You have an error in your SQL syntax; check the manual that corresponds to your MySQL server version for the right syntax to use near '3' at line 10 (select
              p.firstname,
              p.lastname,
              sum(t.rank)
            from player p
            join team t on t.player = p.id or t.coplayer = p.id
            where t.league = 3
            group by p.id
            ORDER BY sum(t.rank)
            3)' thrown in /Users/martinkulich/Sites/chamic/beachliga/system/modules/core/library/Contao/Database/Statement.php on line 317
[18-Feb-2013 10:05:21 GMT] PHP Fatal error:  Class 'Contao\Player' not found in /Users/martinkulich/Sites/chamic/beachliga/system/modules/beach/models/LeagueModel.php on line 69
[18-Feb-2013 10:13:23 GMT] 
PHP Recoverable error: Object of class Contao\ClubModel could not be converted to string in /Users/martinkulich/Sites/chamic/beachliga/system/modules/beach/templates/module_ranking_preview.html5 on line 27
#0 /Users/martinkulich/Sites/chamic/beachliga/system/modules/beach/templates/module_ranking_preview.html5(27): __error(4096, 'Object of class...', '/Users/martinku...', 27, Array)
#1 /Users/martinkulich/Sites/chamic/beachliga/system/modules/core/library/Contao/Template.php(255): include('/Users/martinku...')
#2 /Users/martinkulich/Sites/chamic/beachliga/system/modules/core/classes/FrontendTemplate.php(37): Contao\Template->parse()
#3 /Users/martinkulich/Sites/chamic/beachliga/system/modules/core/modules/Module.php(165): Contao\FrontendTemplate->parse()
#4 /Users/martinkulich/Sites/chamic/beachliga/system/modules/beach/modules/ModuleRankingPreview.php(35): Contao\Module->generate()
#5 /Users/martinkulich/Sites/chamic/beachliga/system/modules/core/elements/ContentModule.php(63): Contao\ModuleRankingPreview->generate()
#6 /Users/martinkulich/Sites/chamic/beachliga/system/modules/core/library/Contao/Controller.php(446): Contao\ContentModule->generate()
#7 /Users/martinkulich/Sites/chamic/beachliga/system/modules/core/modules/ModuleArticle.php(179): Contao\Controller->getContentElement(Object(Contao\Model\Collection))
#8 /Users/martinkulich/Sites/chamic/beachliga/system/modules/core/modules/Module.php(148): Contao\ModuleArticle->compile()
#9 /Users/martinkulich/Sites/chamic/beachliga/system/modules/core/modules/ModuleArticle.php(59): Contao\Module->generate()
#10 /Users/martinkulich/Sites/chamic/beachliga/system/modules/core/library/Contao/Controller.php(374): Contao\ModuleArticle->generate(false)
#11 /Users/martinkulich/Sites/chamic/beachliga/system/modules/core/library/Contao/Controller.php(227): Contao\Controller->getArticle(Object(Contao\Model\Collection), false, false, 'right')
#12 /Users/martinkulich/Sites/chamic/beachliga/system/modules/core/pages/PageRegular.php(109): Contao\Controller->getFrontendModule('0', 'right')
#13 /Users/martinkulich/Sites/chamic/beachliga/index.php(250): Contao\PageRegular->generate(Object(Contao\PageModel))
#14 /Users/martinkulich/Sites/chamic/beachliga/index.php(411): Index->run()
#15 {main}

[18-Feb-2013 10:13:23 GMT] 
PHP Recoverable error: Object of class Contao\ClubModel could not be converted to string in /Users/martinkulich/Sites/chamic/beachliga/system/modules/beach/templates/module_ranking_preview.html5 on line 27
#0 /Users/martinkulich/Sites/chamic/beachliga/system/modules/beach/templates/module_ranking_preview.html5(27): __error(4096, 'Object of class...', '/Users/martinku...', 27, Array)
#1 /Users/martinkulich/Sites/chamic/beachliga/system/modules/core/library/Contao/Template.php(255): include('/Users/martinku...')
#2 /Users/martinkulich/Sites/chamic/beachliga/system/modules/core/classes/FrontendTemplate.php(37): Contao\Template->parse()
#3 /Users/martinkulich/Sites/chamic/beachliga/system/modules/core/modules/Module.php(165): Contao\FrontendTemplate->parse()
#4 /Users/martinkulich/Sites/chamic/beachliga/system/modules/beach/modules/ModuleRankingPreview.php(35): Contao\Module->generate()
#5 /Users/martinkulich/Sites/chamic/beachliga/system/modules/core/elements/ContentModule.php(63): Contao\ModuleRankingPreview->generate()
#6 /Users/martinkulich/Sites/chamic/beachliga/system/modules/core/library/Contao/Controller.php(446): Contao\ContentModule->generate()
#7 /Users/martinkulich/Sites/chamic/beachliga/system/modules/core/modules/ModuleArticle.php(179): Contao\Controller->getContentElement(Object(Contao\Model\Collection))
#8 /Users/martinkulich/Sites/chamic/beachliga/system/modules/core/modules/Module.php(148): Contao\ModuleArticle->compile()
#9 /Users/martinkulich/Sites/chamic/beachliga/system/modules/core/modules/ModuleArticle.php(59): Contao\Module->generate()
#10 /Users/martinkulich/Sites/chamic/beachliga/system/modules/core/library/Contao/Controller.php(374): Contao\ModuleArticle->generate(false)
#11 /Users/martinkulich/Sites/chamic/beachliga/system/modules/core/library/Contao/Controller.php(227): Contao\Controller->getArticle(Object(Contao\Model\Collection), false, false, 'right')
#12 /Users/martinkulich/Sites/chamic/beachliga/system/modules/core/pages/PageRegular.php(109): Contao\Controller->getFrontendModule('0', 'right')
#13 /Users/martinkulich/Sites/chamic/beachliga/index.php(250): Contao\PageRegular->generate(Object(Contao\PageModel))
#14 /Users/martinkulich/Sites/chamic/beachliga/index.php(411): Index->run()
#15 {main}

[18-Feb-2013 10:13:23 GMT] 
PHP Recoverable error: Object of class Contao\ClubModel could not be converted to string in /Users/martinkulich/Sites/chamic/beachliga/system/modules/beach/templates/module_ranking_preview.html5 on line 27
#0 /Users/martinkulich/Sites/chamic/beachliga/system/modules/beach/templates/module_ranking_preview.html5(27): __error(4096, 'Object of class...', '/Users/martinku...', 27, Array)
#1 /Users/martinkulich/Sites/chamic/beachliga/system/modules/core/library/Contao/Template.php(255): include('/Users/martinku...')
#2 /Users/martinkulich/Sites/chamic/beachliga/system/modules/core/classes/FrontendTemplate.php(37): Contao\Template->parse()
#3 /Users/martinkulich/Sites/chamic/beachliga/system/modules/core/modules/Module.php(165): Contao\FrontendTemplate->parse()
#4 /Users/martinkulich/Sites/chamic/beachliga/system/modules/beach/modules/ModuleRankingPreview.php(35): Contao\Module->generate()
#5 /Users/martinkulich/Sites/chamic/beachliga/system/modules/core/elements/ContentModule.php(63): Contao\ModuleRankingPreview->generate()
#6 /Users/martinkulich/Sites/chamic/beachliga/system/modules/core/library/Contao/Controller.php(446): Contao\ContentModule->generate()
#7 /Users/martinkulich/Sites/chamic/beachliga/system/modules/core/modules/ModuleArticle.php(179): Contao\Controller->getContentElement(Object(Contao\Model\Collection))
#8 /Users/martinkulich/Sites/chamic/beachliga/system/modules/core/modules/Module.php(148): Contao\ModuleArticle->compile()
#9 /Users/martinkulich/Sites/chamic/beachliga/system/modules/core/modules/ModuleArticle.php(59): Contao\Module->generate()
#10 /Users/martinkulich/Sites/chamic/beachliga/system/modules/core/library/Contao/Controller.php(374): Contao\ModuleArticle->generate(false)
#11 /Users/martinkulich/Sites/chamic/beachliga/system/modules/core/library/Contao/Controller.php(227): Contao\Controller->getArticle(Object(Contao\Model\Collection), false, false, 'right')
#12 /Users/martinkulich/Sites/chamic/beachliga/system/modules/core/pages/PageRegular.php(109): Contao\Controller->getFrontendModule('0', 'right')
#13 /Users/martinkulich/Sites/chamic/beachliga/index.php(250): Contao\PageRegular->generate(Object(Contao\PageModel))
#14 /Users/martinkulich/Sites/chamic/beachliga/index.php(411): Index->run()
#15 {main}

[18-Feb-2013 10:13:23 GMT] 
PHP Recoverable error: Object of class Contao\ClubModel could not be converted to string in /Users/martinkulich/Sites/chamic/beachliga/system/modules/beach/templates/module_ranking_preview.html5 on line 27
#0 /Users/martinkulich/Sites/chamic/beachliga/system/modules/beach/templates/module_ranking_preview.html5(27): __error(4096, 'Object of class...', '/Users/martinku...', 27, Array)
#1 /Users/martinkulich/Sites/chamic/beachliga/system/modules/core/library/Contao/Template.php(255): include('/Users/martinku...')
#2 /Users/martinkulich/Sites/chamic/beachliga/system/modules/core/classes/FrontendTemplate.php(37): Contao\Template->parse()
#3 /Users/martinkulich/Sites/chamic/beachliga/system/modules/core/modules/Module.php(165): Contao\FrontendTemplate->parse()
#4 /Users/martinkulich/Sites/chamic/beachliga/system/modules/beach/modules/ModuleRankingPreview.php(35): Contao\Module->generate()
#5 /Users/martinkulich/Sites/chamic/beachliga/system/modules/core/elements/ContentModule.php(63): Contao\ModuleRankingPreview->generate()
#6 /Users/martinkulich/Sites/chamic/beachliga/system/modules/core/library/Contao/Controller.php(446): Contao\ContentModule->generate()
#7 /Users/martinkulich/Sites/chamic/beachliga/system/modules/core/modules/ModuleArticle.php(179): Contao\Controller->getContentElement(Object(Contao\Model\Collection))
#8 /Users/martinkulich/Sites/chamic/beachliga/system/modules/core/modules/Module.php(148): Contao\ModuleArticle->compile()
#9 /Users/martinkulich/Sites/chamic/beachliga/system/modules/core/modules/ModuleArticle.php(59): Contao\Module->generate()
#10 /Users/martinkulich/Sites/chamic/beachliga/system/modules/core/library/Contao/Controller.php(374): Contao\ModuleArticle->generate(false)
#11 /Users/martinkulich/Sites/chamic/beachliga/system/modules/core/library/Contao/Controller.php(227): Contao\Controller->getArticle(Object(Contao\Model\Collection), false, false, 'right')
#12 /Users/martinkulich/Sites/chamic/beachliga/system/modules/core/pages/PageRegular.php(109): Contao\Controller->getFrontendModule('0', 'right')
#13 /Users/martinkulich/Sites/chamic/beachliga/index.php(250): Contao\PageRegular->generate(Object(Contao\PageModel))
#14 /Users/martinkulich/Sites/chamic/beachliga/index.php(411): Index->run()
#15 {main}

[18-Feb-2013 13:00:54 GMT] PHP Fatal error:  Cannot redeclare class Contao\TournamentModel in /Users/martinkulich/Sites/chamic/beachliga/system/modules/beach/models/TournamentModel.php on line 182
[18-Feb-2013 13:02:28 GMT] PHP Fatal error:  Call to a member function hasResults() on a non-object in /Users/martinkulich/Sites/chamic/beachliga/system/modules/beach/templates/module_tournaments.html5 on line 3
[18-Feb-2013 13:19:15 GMT] PHP Parse error:  syntax error, unexpected '}' in /Users/martinkulich/Sites/chamic/beachliga/system/modules/beach/templates/module_tournaments.html5 on line 32
[18-Feb-2013 13:19:33 GMT] PHP Parse error:  syntax error, unexpected '}' in /Users/martinkulich/Sites/chamic/beachliga/system/modules/beach/templates/module_tournaments.html5 on line 33
[18-Feb-2013 13:45:05 GMT] PHP Fatal error: Uncaught exception 'Exception' with message 'Query error: You have an error in your SQL syntax; check the manual that corresponds to your MySQL server version for the right syntax to use near 'order by date ASC' at line 4 (select *
        from tournament
        where 
        order by date ASC)' thrown in /Users/martinkulich/Sites/chamic/beachliga/system/modules/core/library/Contao/Database/Statement.php on line 317
[18-Feb-2013 13:45:58 GMT] PHP Parse error:  syntax error, unexpected '/' in /Users/martinkulich/Sites/chamic/beachliga/system/modules/beach/templates/module_ranking.html5 on line 19
[18-Feb-2013 14:14:22 GMT] PHP Parse error:  syntax error, unexpected T_VARIABLE in /Users/martinkulich/Sites/chamic/beachliga/system/modules/beach/modules/ModuleRanking.php on line 50
[19-Feb-2013 14:51:20 GMT] 
PHP Runtime notice: Creating default object from empty value in /Users/martinkulich/Sites/chamic/beachliga/system/modules/beach/elements/ContentTournamentGallery.php on line 20
#0 /Users/martinkulich/Sites/chamic/beachliga/system/modules/beach/elements/ContentTournamentGallery.php(20): __error(2048, 'Creating defaul...', '/Users/martinku...', 20, Array)
#1 /Users/martinkulich/Sites/chamic/beachliga/system/modules/core/library/Contao/Controller.php(446): Contao\ContentTournamentGallery->generate()
#2 /Users/martinkulich/Sites/chamic/beachliga/system/modules/core/modules/ModuleArticle.php(179): Contao\Controller->getContentElement(Object(Contao\Model\Collection))
#3 /Users/martinkulich/Sites/chamic/beachliga/system/modules/core/modules/Module.php(148): Contao\ModuleArticle->compile()
#4 /Users/martinkulich/Sites/chamic/beachliga/system/modules/core/modules/ModuleArticle.php(59): Contao\Module->generate()
#5 /Users/martinkulich/Sites/chamic/beachliga/system/modules/core/library/Contao/Controller.php(374): Contao\ModuleArticle->generate(false)
#6 /Users/martinkulich/Sites/chamic/beachliga/system/modules/core/library/Contao/Controller.php(227): Contao\Controller->getArticle(Object(Contao\Model\Collection), false, false, 'main')
#7 /Users/martinkulich/Sites/chamic/beachliga/system/modules/core/pages/PageRegular.php(109): Contao\Controller->getFrontendModule('0', 'main')
#8 /Users/martinkulich/Sites/chamic/beachliga/index.php(250): Contao\PageRegular->generate(Object(Contao\PageModel))
#9 /Users/martinkulich/Sites/chamic/beachliga/index.php(411): Index->run()
#10 {main}

[19-Feb-2013 14:51:38 GMT] 
PHP Runtime notice: Creating default object from empty value in /Users/martinkulich/Sites/chamic/beachliga/system/modules/beach/elements/ContentTournamentGallery.php on line 20
#0 /Users/martinkulich/Sites/chamic/beachliga/system/modules/beach/elements/ContentTournamentGallery.php(20): __error(2048, 'Creating defaul...', '/Users/martinku...', 20, Array)
#1 /Users/martinkulich/Sites/chamic/beachliga/system/modules/core/library/Contao/Controller.php(446): Contao\ContentTournamentGallery->generate()
#2 /Users/martinkulich/Sites/chamic/beachliga/system/modules/core/modules/ModuleArticle.php(179): Contao\Controller->getContentElement(Object(Contao\Model\Collection))
#3 /Users/martinkulich/Sites/chamic/beachliga/system/modules/core/modules/Module.php(148): Contao\ModuleArticle->compile()
#4 /Users/martinkulich/Sites/chamic/beachliga/system/modules/core/modules/ModuleArticle.php(59): Contao\Module->generate()
#5 /Users/martinkulich/Sites/chamic/beachliga/system/modules/core/library/Contao/Controller.php(374): Contao\ModuleArticle->generate(false)
#6 /Users/martinkulich/Sites/chamic/beachliga/system/modules/core/library/Contao/Controller.php(227): Contao\Controller->getArticle(Object(Contao\Model\Collection), false, false, 'main')
#7 /Users/martinkulich/Sites/chamic/beachliga/system/modules/core/pages/PageRegular.php(109): Contao\Controller->getFrontendModule('0', 'main')
#8 /Users/martinkulich/Sites/chamic/beachliga/index.php(250): Contao\PageRegular->generate(Object(Contao\PageModel))
#9 /Users/martinkulich/Sites/chamic/beachliga/index.php(411): Index->run()
#10 {main}

[19-Feb-2013 14:51:48 GMT] 
PHP Runtime notice: Creating default object from empty value in /Users/martinkulich/Sites/chamic/beachliga/system/modules/beach/elements/ContentTournamentGallery.php on line 20
#0 /Users/martinkulich/Sites/chamic/beachliga/system/modules/beach/elements/ContentTournamentGallery.php(20): __error(2048, 'Creating defaul...', '/Users/martinku...', 20, Array)
#1 /Users/martinkulich/Sites/chamic/beachliga/system/modules/core/library/Contao/Controller.php(446): Contao\ContentTournamentGallery->generate()
#2 /Users/martinkulich/Sites/chamic/beachliga/system/modules/core/modules/ModuleArticle.php(179): Contao\Controller->getContentElement(Object(Contao\Model\Collection))
#3 /Users/martinkulich/Sites/chamic/beachliga/system/modules/core/modules/Module.php(148): Contao\ModuleArticle->compile()
#4 /Users/martinkulich/Sites/chamic/beachliga/system/modules/core/modules/ModuleArticle.php(59): Contao\Module->generate()
#5 /Users/martinkulich/Sites/chamic/beachliga/system/modules/core/library/Contao/Controller.php(374): Contao\ModuleArticle->generate(false)
#6 /Users/martinkulich/Sites/chamic/beachliga/system/modules/core/library/Contao/Controller.php(227): Contao\Controller->getArticle(Object(Contao\Model\Collection), false, false, 'main')
#7 /Users/martinkulich/Sites/chamic/beachliga/system/modules/core/pages/PageRegular.php(109): Contao\Controller->getFrontendModule('0', 'main')
#8 /Users/martinkulich/Sites/chamic/beachliga/index.php(250): Contao\PageRegular->generate(Object(Contao\PageModel))
#9 /Users/martinkulich/Sites/chamic/beachliga/index.php(411): Index->run()
#10 {main}

[19-Feb-2013 14:52:03 GMT] PHP Fatal error:  Cannot redeclare class Contao\TournamentModel in /Users/martinkulich/Sites/chamic/beachliga/system/modules/beach/models/TournamentModel.php on line 183
[19-Feb-2013 14:52:13 GMT] PHP Fatal error:  Cannot redeclare class Contao\TournamentModel in /Users/martinkulich/Sites/chamic/beachliga/system/modules/beach/models/TournamentModel.php on line 183
[19-Feb-2013 14:52:17 GMT] 
PHP Runtime notice: Creating default object from empty value in /Users/martinkulich/Sites/chamic/beachliga/system/modules/beach/elements/ContentTournamentGallery.php on line 22
#0 /Users/martinkulich/Sites/chamic/beachliga/system/modules/beach/elements/ContentTournamentGallery.php(22): __error(2048, 'Creating defaul...', '/Users/martinku...', 22, Array)
#1 /Users/martinkulich/Sites/chamic/beachliga/system/modules/core/library/Contao/Controller.php(446): Contao\ContentTournamentGallery->generate()
#2 /Users/martinkulich/Sites/chamic/beachliga/system/modules/core/modules/ModuleArticle.php(179): Contao\Controller->getContentElement(Object(Contao\Model\Collection))
#3 /Users/martinkulich/Sites/chamic/beachliga/system/modules/core/modules/Module.php(148): Contao\ModuleArticle->compile()
#4 /Users/martinkulich/Sites/chamic/beachliga/system/modules/core/modules/ModuleArticle.php(59): Contao\Module->generate()
#5 /Users/martinkulich/Sites/chamic/beachliga/system/modules/core/library/Contao/Controller.php(374): Contao\ModuleArticle->generate(false)
#6 /Users/martinkulich/Sites/chamic/beachliga/system/modules/core/library/Contao/Controller.php(227): Contao\Controller->getArticle(Object(Contao\Model\Collection), false, false, 'main')
#7 /Users/martinkulich/Sites/chamic/beachliga/system/modules/core/pages/PageRegular.php(109): Contao\Controller->getFrontendModule('0', 'main')
#8 /Users/martinkulich/Sites/chamic/beachliga/index.php(250): Contao\PageRegular->generate(Object(Contao\PageModel))
#9 /Users/martinkulich/Sites/chamic/beachliga/index.php(411): Index->run()
#10 {main}

[19-Feb-2013 15:09:48 GMT] 
PHP Runtime notice: Creating default object from empty value in /Users/martinkulich/Sites/chamic/beachliga/system/modules/beach/elements/ContentTournamentGallery.php on line 21
#0 /Users/martinkulich/Sites/chamic/beachliga/system/modules/beach/elements/ContentTournamentGallery.php(21): __error(2048, 'Creating defaul...', '/Users/martinku...', 21, Array)
#1 /Users/martinkulich/Sites/chamic/beachliga/system/modules/core/library/Contao/Controller.php(446): Contao\ContentTournamentGallery->generate()
#2 /Users/martinkulich/Sites/chamic/beachliga/system/modules/core/modules/ModuleArticle.php(179): Contao\Controller->getContentElement(Object(Contao\Model\Collection))
#3 /Users/martinkulich/Sites/chamic/beachliga/system/modules/core/modules/Module.php(148): Contao\ModuleArticle->compile()
#4 /Users/martinkulich/Sites/chamic/beachliga/system/modules/core/modules/ModuleArticle.php(59): Contao\Module->generate()
#5 /Users/martinkulich/Sites/chamic/beachliga/system/modules/core/library/Contao/Controller.php(374): Contao\ModuleArticle->generate(false)
#6 /Users/martinkulich/Sites/chamic/beachliga/system/modules/core/library/Contao/Controller.php(227): Contao\Controller->getArticle(Object(Contao\Model\Collection), false, false, 'main')
#7 /Users/martinkulich/Sites/chamic/beachliga/system/modules/core/pages/PageRegular.php(109): Contao\Controller->getFrontendModule('0', 'main')
#8 /Users/martinkulich/Sites/chamic/beachliga/index.php(250): Contao\PageRegular->generate(Object(Contao\PageModel))
#9 /Users/martinkulich/Sites/chamic/beachliga/index.php(411): Index->run()
#10 {main}

[19-Feb-2013 21:09:09 GMT] PHP Fatal error:  Call to undefined function Contao\desecrialize() in /Users/martinkulich/Sites/chamic/beachliga/system/modules/core/elements/ContentGallery.php on line 343
[19-Feb-2013 21:23:10 GMT] PHP Parse error:  syntax error, unexpected T_VARIABLE in /Users/martinkulich/Sites/chamic/beachliga/system/modules/core/elements/ContentGallery.php on line 296
[19-Feb-2013 21:23:14 GMT] PHP Parse error:  syntax error, unexpected T_VARIABLE in /Users/martinkulich/Sites/chamic/beachliga/system/modules/core/elements/ContentGallery.php on line 296
